<?xml version="1.0" encoding="UTF-8"?>
<!-- Generated by org.testng.reporters.JUnitXMLReporter -->
<testsuite hostname="Lenovo430" ignored="19" name="Default test" tests="1" failures="0" timestamp="13 Aug 2019 07:29:43 GMT" time="38.074" errors="0">
  <testcase name="@BeforeMethod preCondition" time="31.604" classname="com.spp.common.BaseTest">
    <failure type="org.openqa.selenium.NoSuchElementException" message="no such element: Unable to locate element: {&amp;quot;method&amp;quot;:&amp;quot;css selector&amp;quot;,&amp;quot;selector&amp;quot;:&amp;quot;#user_username&amp;quot;}
  (Session info: chrome=76.0.3809.100)
For documentation on this error, please visit: http://seleniumhq.org/exceptions/no_such_element.html
Build info: version: &amp;apos;3.12.0&amp;apos;, revision: &amp;apos;7c6e0b3&amp;apos;, time: &amp;apos;2018-05-08T14:04:26.12Z&amp;apos;
System info: host: &amp;apos;LENOVO430&amp;apos;, ip: &amp;apos;192.168.1.60&amp;apos;, os.name: &amp;apos;Windows 8.1&amp;apos;, os.arch: &amp;apos;amd64&amp;apos;, os.version: &amp;apos;6.3&amp;apos;, java.version: &amp;apos;1.8.0_221&amp;apos;
Driver info: org.openqa.selenium.chrome.ChromeDriver
Capabilities {acceptInsecureCerts: false, browserName: chrome, browserVersion: 76.0.3809.100, chrome: {chromedriverVersion: 75.0.3770.90 (a6dcaf7e3ec6f..., userDataDir: C:\Users\RSL\AppData\Local\...}, goog:chromeOptions: {debuggerAddress: localhost:49913}, javascriptEnabled: true, networkConnectionEnabled: false, pageLoadStrategy: normal, platform: XP, platformName: XP, proxy: Proxy(), setWindowRect: true, strictFileInteractability: false, timeouts: {implicit: 0, pageLoad: 300000, script: 30000}, unhandledPromptBehavior: dismiss and notify}
Session ID: a18a03901bc1e6f98c47927e7a5ef3de
*** Element info: {Using=id, value=user_username}">
      <![CDATA[org.openqa.selenium.NoSuchElementException: no such element: Unable to locate element: {"method":"css selector","selector":"#user_username"}
  (Session info: chrome=76.0.3809.100)
For documentation on this error, please visit: http://seleniumhq.org/exceptions/no_such_element.html
Build info: version: '3.12.0', revision: '7c6e0b3', time: '2018-05-08T14:04:26.12Z'
System info: host: 'LENOVO430', ip: '192.168.1.60', os.name: 'Windows 8.1', os.arch: 'amd64', os.version: '6.3', java.version: '1.8.0_221'
Driver info: org.openqa.selenium.chrome.ChromeDriver
Capabilities {acceptInsecureCerts: false, browserName: chrome, browserVersion: 76.0.3809.100, chrome: {chromedriverVersion: 75.0.3770.90 (a6dcaf7e3ec6f..., userDataDir: C:\Users\RSL\AppData\Local\...}, goog:chromeOptions: {debuggerAddress: localhost:49913}, javascriptEnabled: true, networkConnectionEnabled: false, pageLoadStrategy: normal, platform: XP, platformName: XP, proxy: Proxy(), setWindowRect: true, strictFileInteractability: false, timeouts: {implicit: 0, pageLoad: 300000, script: 30000}, unhandledPromptBehavior: dismiss and notify}
Session ID: a18a03901bc1e6f98c47927e7a5ef3de
*** Element info: {Using=id, value=user_username}
at sun.reflect.NativeConstructorAccessorImpl.newInstance0(Native Method)
at sun.reflect.NativeConstructorAccessorImpl.newInstance(NativeConstructorAccessorImpl.java:62)
at sun.reflect.DelegatingConstructorAccessorImpl.newInstance(DelegatingConstructorAccessorImpl.java:45)
at java.lang.reflect.Constructor.newInstance(Constructor.java:423)
at org.openqa.selenium.remote.http.W3CHttpResponseCodec.createException(W3CHttpResponseCodec.java:187)
at org.openqa.selenium.remote.http.W3CHttpResponseCodec.decode(W3CHttpResponseCodec.java:122)
at org.openqa.selenium.remote.http.W3CHttpResponseCodec.decode(W3CHttpResponseCodec.java:49)
at org.openqa.selenium.remote.HttpCommandExecutor.execute(HttpCommandExecutor.java:158)
at org.openqa.selenium.remote.service.DriverCommandExecutor.execute(DriverCommandExecutor.java:83)
at org.openqa.selenium.remote.RemoteWebDriver.execute(RemoteWebDriver.java:543)
at org.openqa.selenium.remote.RemoteWebDriver.findElement(RemoteWebDriver.java:317)
at org.openqa.selenium.remote.RemoteWebDriver.findElementById(RemoteWebDriver.java:363)
at org.openqa.selenium.By$ById.findElement(By.java:188)
at org.openqa.selenium.remote.RemoteWebDriver.findElement(RemoteWebDriver.java:309)
at org.openqa.selenium.support.pagefactory.DefaultElementLocator.findElement(DefaultElementLocator.java:69)
at org.openqa.selenium.support.pagefactory.internal.LocatingElementHandler.invoke(LocatingElementHandler.java:38)
at com.sun.proxy.$Proxy18.sendKeys(Unknown Source)
at com.spp.pages.LoginPage.setUserName(LoginPage.java:30)
at com.spp.common.BaseTest.preCondition(BaseTest.java:127)
at sun.reflect.NativeMethodAccessorImpl.invoke0(Native Method)
at sun.reflect.NativeMethodAccessorImpl.invoke(NativeMethodAccessorImpl.java:62)
at sun.reflect.DelegatingMethodAccessorImpl.invoke(DelegatingMethodAccessorImpl.java:43)
at java.lang.reflect.Method.invoke(Method.java:498)
at org.testng.internal.MethodInvocationHelper.invokeMethod(MethodInvocationHelper.java:124)
at org.testng.internal.MethodInvocationHelper.invokeMethodConsideringTimeout(MethodInvocationHelper.java:59)
at org.testng.internal.Invoker.invokeConfigurationMethod(Invoker.java:458)
at org.testng.internal.Invoker.invokeConfigurations(Invoker.java:222)
at org.testng.internal.Invoker.invokeMethod(Invoker.java:523)
at org.testng.internal.Invoker.invokeTestMethod(Invoker.java:719)
at org.testng.internal.Invoker.invokeTestMethods(Invoker.java:989)
at org.testng.internal.TestMethodWorker.invokeTestMethods(TestMethodWorker.java:125)
at org.testng.internal.TestMethodWorker.run(TestMethodWorker.java:109)
at org.testng.TestRunner.privateRun(TestRunner.java:648)
at org.testng.TestRunner.run(TestRunner.java:505)
at org.testng.SuiteRunner.runTest(SuiteRunner.java:455)
at org.testng.SuiteRunner.runSequentially(SuiteRunner.java:450)
at org.testng.SuiteRunner.privateRun(SuiteRunner.java:415)
at org.testng.SuiteRunner.run(SuiteRunner.java:364)
at org.testng.SuiteRunnerWorker.runSuite(SuiteRunnerWorker.java:52)
at org.testng.SuiteRunnerWorker.run(SuiteRunnerWorker.java:84)
at org.testng.TestNG.runSuitesSequentially(TestNG.java:1208)
at org.testng.TestNG.runSuitesLocally(TestNG.java:1137)
at org.testng.TestNG.runSuites(TestNG.java:1049)
at org.testng.TestNG.run(TestNG.java:1017)
at org.testng.remote.AbstractRemoteTestNG.run(AbstractRemoteTestNG.java:115)
at org.testng.remote.RemoteTestNG.initAndRun(RemoteTestNG.java:251)
at org.testng.remote.RemoteTestNG.main(RemoteTestNG.java:77)
]]>
    </failure>
  </testcase> <!-- @BeforeMethod preCondition -->
  <testcase name="@AfterMethod postCondition" time="0.0" classname="com.spp.common.BaseTest">
    <skipped/>
  </testcase> <!-- @AfterMethod postCondition -->
  <testcase name="@AfterClass cleanApplication" time="0.0" classname="com.spp.common.BaseTest">
    <skipped/>
  </testcase> <!-- @AfterClass cleanApplication -->
  <testcase name="CheckDeleteClassificationDetailsInEmployee_SC_421" time="0.0" classname="com.spp.scripts.EmployeeDetails">
    <skipped/>
  </testcase> <!-- CheckDeleteClassificationDetailsInEmployee_SC_421 -->
  <testcase name="CheckifEmployeeEmployeeDetailsReportsEmployeeStatutoryReportredirectstoReportmodule_SC_463" time="0.0" classname="com.spp.scripts.EmployeeDetails">
    <ignored/>
  </testcase> <!-- CheckifEmployeeEmployeeDetailsReportsEmployeeStatutoryReportredirectstoReportmodule_SC_463 -->
  <testcase name="verifyAddNewEmployee_SC_77" time="0.0" classname="com.spp.scripts.EmployeeDetails">
    <ignored/>
  </testcase> <!-- verifyAddNewEmployee_SC_77 -->
  <testcase name="UpdateWeeklyOff_SC_454" time="0.0" classname="com.spp.scripts.EmployeeDetails">
    <ignored/>
  </testcase> <!-- UpdateWeeklyOff_SC_454 -->
  <testcase name="EditClassificationDetailsChangeSalaryStructureofanemployee_SC_441" time="0.0" classname="com.spp.scripts.EmployeeDetails">
    <ignored/>
  </testcase> <!-- EditClassificationDetailsChangeSalaryStructureofanemployee_SC_441 -->
  <testcase name="GetHRSampleTemplates_SC_460" time="0.0" classname="com.spp.scripts.EmployeeDetails">
    <ignored/>
  </testcase> <!-- GetHRSampleTemplates_SC_460 -->
  <testcase name="DeleteHrCategoryDetailsofEmployee_SC_458" time="0.0" classname="com.spp.scripts.EmployeeDetails">
    <ignored/>
  </testcase> <!-- DeleteHrCategoryDetailsofEmployee_SC_458 -->
  <testcase name="CheckifEmployeeEmployeeDetailsReportsEmployeeSummaryredirectstoReportmodule_SC_464" time="0.0" classname="com.spp.scripts.EmployeeDetails">
    <ignored/>
  </testcase> <!-- CheckifEmployeeEmployeeDetailsReportsEmployeeSummaryredirectstoReportmodule_SC_464 -->
  <testcase name="verifyDataTemplateGeneration_SC_96" time="0.0" classname="com.spp.scripts.EmployeeDetails">
    <ignored/>
  </testcase> <!-- verifyDataTemplateGeneration_SC_96 -->
  <testcase name="DeleteEmployee" time="0.0" classname="com.spp.scripts.EmployeeDetails">
    <ignored/>
  </testcase> <!-- DeleteEmployee -->
  <testcase name="DeleteWeeklyOff_SC_455" time="0.0" classname="com.spp.scripts.EmployeeDetails">
    <ignored/>
  </testcase> <!-- DeleteWeeklyOff_SC_455 -->
  <testcase name="CreateEmployeeviaExcelImport_SC_95" time="0.0" classname="com.spp.scripts.EmployeeDetails">
    <ignored/>
  </testcase> <!-- CreateEmployeeviaExcelImport_SC_95 -->
  <testcase name="GetHRDataTemplates_SC_461" time="0.0" classname="com.spp.scripts.EmployeeDetails">
    <ignored/>
  </testcase> <!-- GetHRDataTemplates_SC_461 -->
  <testcase name="verifyAssignEmployee_SC_78" time="0.0" classname="com.spp.scripts.EmployeeDetails">
    <ignored/>
  </testcase> <!-- verifyAssignEmployee_SC_78 -->
  <testcase name="CreateEmployeeESIContributionApplicability_SC_452" time="0.0" classname="com.spp.scripts.EmployeeDetails">
    <ignored/>
  </testcase> <!-- CreateEmployeeESIContributionApplicability_SC_452 -->
  <testcase name="CheckifEmployeeEmployeeDetailsReportsEmployeeMasterReportredirectstoReportmodule_SC_462" time="0.0" classname="com.spp.scripts.EmployeeDetails">
    <ignored/>
  </testcase> <!-- CheckifEmployeeEmployeeDetailsReportsEmployeeMasterReportredirectstoReportmodule_SC_462 -->
  <testcase name="AddEmployeewithClassificationDetail_SC_440" time="0.0" classname="com.spp.scripts.EmployeeDetails">
    <ignored/>
  </testcase> <!-- AddEmployeewithClassificationDetail_SC_440 -->
  <testcase name="CreateWeeklyOffDetailsofanEmployee_SC_453" time="0.0" classname="com.spp.scripts.EmployeeDetails">
    <ignored/>
  </testcase> <!-- CreateWeeklyOffDetailsofanEmployee_SC_453 -->
  <testcase name="EditHrCategoryDetailsofEmployee_SC_457" time="0.0" classname="com.spp.scripts.EmployeeDetails">
    <ignored/>
  </testcase> <!-- EditHrCategoryDetailsofEmployee_SC_457 -->
  <testcase name="AddNewHrCategoryDetailsofEmployee_SC_456" time="0.0" classname="com.spp.scripts.EmployeeDetails">
    <ignored/>
  </testcase> <!-- AddNewHrCategoryDetailsofEmployee_SC_456 -->
</testsuite> <!-- Default test -->
